Start testing: Nov 25 07:22 PST
----------------------------------------------------------
1/1 Testing: MatrixTest.MatrixGetValues
1/1 Test: MatrixTest.MatrixGetValues
Command: "/home/user/Documents/SpicyPP/SpicyPP/tests" "--gtest_filter=MatrixTest.MatrixGetValues" "--gtest_also_run_disabled_tests"
Directory: /home/user/Documents/SpicyPP/SpicyPP
"MatrixTest.MatrixGetValues" start time: Nov 25 07:22 PST
Output:
----------------------------------------------------------
Running main() from /home/user/Documents/SpicyPP/googletest/googletest/src/gtest_main.cc
Note: Google Test filter = MatrixTest.MatrixGetValues
[==========] Running 1 test from 1 test suite.
[----------] Global test environment set-up.
[----------] 1 test from MatrixTest
[ RUN      ] MatrixTest.MatrixGetValues
/home/user/Documents/SpicyPP/SpicyPP/src/Backend/Matrix_test.cpp:18: Failure
Expected equality of these values:
  2
  i
    Which is: 3
[  FAILED  ] MatrixTest.MatrixGetValues (0 ms)
[----------] 1 test from MatrixTest (0 ms total)

[----------] Global test environment tear-down
[==========] 1 test from 1 test suite ran. (1 ms total)
[  PASSED  ] 0 tests.
[  FAILED  ] 1 test, listed below:
[  FAILED  ] MatrixTest.MatrixGetValues

 1 FAILED TEST
<end of output>
Test time =   0.01 sec
----------------------------------------------------------
Test Failed.
"MatrixTest.MatrixGetValues" end time: Nov 25 07:22 PST
"MatrixTest.MatrixGetValues" time elapsed: 00:00:00
----------------------------------------------------------

End testing: Nov 25 07:22 PST
